2020-07-18 07:54:17,402 INFO ****** Setup Google Analytics js script...
2020-07-18 07:54:17,403 INFO ****** <script async id="GoogleAnalytics-js" src="https://www.googletagmanager.com/gtag/js?id=UA-172987294-1"></script>
2020-07-18 07:54:18,650 INFO ==============================
2020-07-18 07:54:18,650 INFO INPUT: Joker
2020-07-18 07:54:21,650 INFO Information for *Joker*:
2020-07-18 07:54:21,652 INFO Trailers for *Joker*:
2020-07-18 07:54:22,350 INFO Sentiment of Youtube comments on above trailers:
2020-07-18 07:54:24,604 INFO Prediction of first week box office:
2020-07-18 07:54:51,531 INFO ==============================
2020-07-18 07:54:51,531 INFO INPUT: Joker
2020-07-18 07:54:53,507 INFO Information for *Joker*:
2020-07-18 07:54:53,509 INFO Trailers for *Joker*:
2020-07-18 07:54:54,221 INFO Sentiment of Youtube comments on above trailers:
2020-07-18 07:54:56,444 INFO Prediction of first week box office:
2020-07-18 07:56:05,278 INFO ==============================
2020-07-18 07:56:05,278 INFO INPUT: The Assistant
2020-07-18 07:56:10,064 INFO Information for *The Assistant*:
2020-07-18 07:56:10,066 INFO Trailers for *The Assistant*:
2020-07-18 07:56:10,085 INFO Sentiment of Youtube comments on above trailers:
2020-07-18 07:56:10,204 INFO Sorry, budget of the movie is not found. Thus can't do box office prediction.
2020-07-18 07:56:30,227 INFO ==============================
2020-07-18 07:56:30,227 INFO INPUT: Color Out of Space
2020-07-18 07:56:32,839 INFO Information for *Color Out of Space*:
2020-07-18 07:56:35,342 WARNING Search trailer list on Youtube. Trailer list: ['agnpaFLo0to', 'RfYAXMwCpk0']
2020-07-18 07:56:35,343 INFO Trailers for *Color Out of Space*:
2020-07-18 07:56:40,531 WARNING Fetch trailer comments on Youtube. Trailer: agnpaFLo0to
2020-07-18 07:57:00,295 WARNING Fetch trailer comments on Youtube. Trailer: RfYAXMwCpk0
2020-07-18 07:57:00,318 INFO Sentiment of Youtube comments on above trailers:
2020-07-18 07:57:00,465 INFO Prediction of first week box office:
2020-07-18 07:57:27,251 INFO ==============================
2020-07-18 07:57:27,251 INFO INPUT: aaaa
2020-07-18 07:57:27,683 INFO Sorry, the movie '*aaaa*' is not found, please retry with a standard IMDB movie title.
